# JRE version: OpenJDK Runtime Environment (8.0_242-b01) (build 1.8.0_242-release-1644-b01)
# Java VM: OpenJDK 64-Bit Server VM (25.242-b01 mixed mode windows-amd64 compressed oops)
Heap:
 PSYoungGen      total 221696K, used 143378K [0x00000000d5580000, 0x00000000e3f80000, 0x0000000100000000)
  eden space 209920K, 68% used [0x00000000d5580000,0x00000000de184a00,0x00000000e2280000)
  from space 11776K, 0% used [0x00000000e3400000,0x00000000e3400000,0x00000000e3f80000)
  to   space 14848K, 0% used [0x00000000e2280000,0x00000000e2280000,0x00000000e3100000)
 ParOldGen       total 96256K, used 39706K [0x0000000080000000, 0x0000000085e00000, 0x00000000d5580000)
  object space 96256K, 41% used [0x0000000080000000,0x00000000826c68e8,0x0000000085e00000)
 Metaspace       used 67255K, capacity 70246K, committed 70292K, reserved 1112064K
  class space    used 8769K, capacity 9394K, committed 9404K, reserved 1048576K
GC Heap History (10 events):
Event: 5.796 GC heap before
{Heap before GC invocations=7 (full 1):
 PSYoungGen      total 141824K, used 47493K [0x00000000d5580000, 0x00000000e4380000, 0x0000000100000000)
  eden space 131072K, 28% used [0x00000000d5580000,0x00000000d79667a0,0x00000000dd580000)
  from space 10752K, 99% used [0x00000000dd580000,0x00000000ddffad70,0x00000000de000000)
  to   space 15872K, 0% used [0x00000000e3400000,0x00000000e3400000,0x00000000e4380000)
 ParOldGen       total 96256K, used 10275K [0x0000000080000000, 0x0000000085e00000, 0x00000000d5580000)
  object space 96256K, 10% used [0x0000000080000000,0x0000000080a08ca8,0x0000000085e00000)
 Metaspace       used 34058K, capacity 35394K, committed 35416K, reserved 1079296K
  class space    used 4612K, capacity 4976K, committed 4992K, reserved 1048576K
Event: 5.805 GC heap after
Heap after GC invocations=7 (full 1):
 PSYoungGen      total 221696K, used 9143K [0x00000000d5580000, 0x00000000e3f80000, 0x0000000100000000)
  eden space 209920K, 0% used [0x00000000d5580000,0x00000000d5580000,0x00000000e2280000)
  from space 11776K, 77% used [0x00000000e3400000,0x00000000e3cedd10,0x00000000e3f80000)
  to   space 14848K, 0% used [0x00000000e2280000,0x00000000e2280000,0x00000000e3100000)
 ParOldGen       total 96256K, used 10283K [0x0000000080000000, 0x0000000085e00000, 0x00000000d5580000)
  object space 96256K, 10% used [0x0000000080000000,0x0000000080a0aca8,0x0000000085e00000)
 Metaspace       used 34058K, capacity 35394K, committed 35416K, reserved 1079296K
  class space    used 4612K, capacity 4976K, committed 4992K, reserved 1048576K
}
Event: 5.805 GC heap before
{Heap before GC invocations=8 (full 2):
 PSYoungGen      total 221696K, used 9143K [0x00000000d5580000, 0x00000000e3f80000, 0x0000000100000000)
  eden space 209920K, 0% used [0x00000000d5580000,0x00000000d5580000,0x00000000e2280000)
  from space 11776K, 77% used [0x00000000e3400000,0x00000000e3cedd10,0x00000000e3f80000)
  to   space 14848K, 0% used [0x00000000e2280000,0x00000000e2280000,0x00000000e3100000)
 ParOldGen       total 96256K, used 10283K [0x0000000080000000, 0x0000000085e00000, 0x00000000d5580000)
  object space 96256K, 10% used [0x0000000080000000,0x0000000080a0aca8,0x0000000085e00000)
 Metaspace       used 34058K, capacity 35394K, committed 35416K, reserved 1079296K
  class space    used 4612K, capacity 4976K, committed 4992K, reserved 1048576K
Event: 5.856 GC heap after
Heap after GC invocations=8 (full 2):
 PSYoungGen      total 221696K, used 0K [0x00000000d5580000, 0x00000000e3f80000, 0x0000000100000000)
  eden space 209920K, 0% used [0x00000000d5580000,0x00000000d5580000,0x00000000e2280000)
  from space 11776K, 0% used [0x00000000e3400000,0x00000000e3400000,0x00000000e3f80000)
  to   space 14848K, 0% used [0x00000000e2280000,0x00000000e2280000,0x00000000e3100000)
 ParOldGen       total 96256K, used 15639K [0x0000000080000000, 0x0000000085e00000, 0x00000000d5580000)
  object space 96256K, 16% used [0x0000000080000000,0x0000000080f45ef8,0x0000000085e00000)
 Metaspace       used 34058K, capacity 35394K, committed 35416K, reserved 1079296K
  class space    used 4612K, capacity 4976K, committed 4992K, reserved 1048576K
}
Event: 8.793 GC heap before
{Heap before GC invocations=9 (full 2):
 PSYoungGen      total 221696K, used 209920K [0x00000000d5580000, 0x00000000e3f80000, 0x0000000100000000)
  eden space 209920K, 100% used [0x00000000d5580000,0x00000000e2280000,0x00000000e2280000)
  from space 11776K, 0% used [0x00000000e3400000,0x00000000e3400000,0x00000000e3f80000)
  to   space 14848K, 0% used [0x00000000e2280000,0x00000000e2280000,0x00000000e3100000)
 ParOldGen       total 96256K, used 15639K [0x0000000080000000, 0x0000000085e00000, 0x00000000d5580000)
  object space 96256K, 16% used [0x0000000080000000,0x0000000080f45ef8,0x0000000085e00000)
 Metaspace       used 45428K, capacity 47564K, committed 47832K, reserved 1091584K
  class space    used 6139K, capacity 6558K, committed 6656K, reserved 1048576K
Event: 8.810 GC heap after
Heap after GC invocations=9 (full 2):
 PSYoungGen      total 224768K, used 14838K [0x00000000d5580000, 0x00000000e3f80000, 0x0000000100000000)
  eden space 209920K, 0% used [0x00000000d5580000,0x00000000d5580000,0x00000000e2280000)
  from space 14848K, 99% used [0x00000000e2280000,0x00000000e30fd9d8,0x00000000e3100000)
  to   space 11776K, 0% used [0x00000000e3400000,0x00000000e3400000,0x00000000e3f80000)
 ParOldGen       total 96256K, used 18068K [0x0000000080000000, 0x0000000085e00000, 0x00000000d5580000)
  object space 96256K, 18% used [0x0000000080000000,0x00000000811a5378,0x0000000085e00000)
 Metaspace       used 45428K, capacity 47564K, committed 47832K, reserved 1091584K
  class space    used 6139K, capacity 6558K, committed 6656K, reserved 1048576K
}
Event: 10.763 GC heap before
{Heap before GC invocations=10 (full 2):
 PSYoungGen      total 224768K, used 166927K [0x00000000d5580000, 0x00000000e3f80000, 0x0000000100000000)
  eden space 209920K, 72% used [0x00000000d5580000,0x00000000dea06448,0x00000000e2280000)
  from space 14848K, 99% used [0x00000000e2280000,0x00000000e30fd9d8,0x00000000e3100000)
  to   space 11776K, 0% used [0x00000000e3400000,0x00000000e3400000,0x00000000e3f80000)
 ParOldGen       total 96256K, used 18068K [0x0000000080000000, 0x0000000085e00000, 0x00000000d5580000)
  object space 96256K, 18% used [0x0000000080000000,0x00000000811a5378,0x0000000085e00000)
 Metaspace       used 56421K, capacity 58946K, committed 59028K, reserved 1099776K
  class space    used 7541K, capacity 8065K, committed 8124K, reserved 1048576K
Event: 10.789 GC heap after
Heap after GC invocations=10 (full 2):
 PSYoungGen      total 221696K, used 11760K [0x00000000d5580000, 0x00000000e3f80000, 0x0000000100000000)
  eden space 209920K, 0% used [0x00000000d5580000,0x00000000d5580000,0x00000000e2280000)
  from space 11776K, 99% used [0x00000000e3400000,0x00000000e3f7c040,0x00000000e3f80000)
  to   space 14848K, 0% used [0x00000000e2280000,0x00000000e2280000,0x00000000e3100000)
 ParOldGen       total 96256K, used 32109K [0x0000000080000000, 0x0000000085e00000, 0x00000000d5580000)
  object space 96256K, 33% used [0x0000000080000000,0x0000000081f5b760,0x0000000085e00000)
 Metaspace       used 56421K, capacity 58946K, committed 59028K, reserved 1099776K
  class space    used 7541K, capacity 8065K, committed 8124K, reserved 1048576K
}
Event: 10.789 GC heap before
{Heap before GC invocations=11 (full 3):
 PSYoungGen      total 221696K, used 11760K [0x00000000d5580000, 0x00000000e3f80000, 0x0000000100000000)
  eden space 209920K, 0% used [0x00000000d5580000,0x00000000d5580000,0x00000000e2280000)
  from space 11776K, 99% used [0x00000000e3400000,0x00000000e3f7c040,0x00000000e3f80000)
  to   space 14848K, 0% used [0x00000000e2280000,0x00000000e2280000,0x00000000e3100000)
 ParOldGen       total 96256K, used 32109K [0x0000000080000000, 0x0000000085e00000, 0x00000000d5580000)
  object space 96256K, 33% used [0x0000000080000000,0x0000000081f5b760,0x0000000085e00000)
 Metaspace       used 56421K, capacity 58946K, committed 59028K, reserved 1099776K
  class space    used 7541K, capacity 8065K, committed 8124K, reserved 1048576K
Event: 11.076 GC heap after
Heap after GC invocations=11 (full 3):
 PSYoungGen      total 221696K, used 0K [0x00000000d5580000, 0x00000000e3f80000, 0x0000000100000000)
  eden space 209920K, 0% used [0x00000000d5580000,0x00000000d5580000,0x00000000e2280000)
  from space 11776K, 0% used [0x00000000e3400000,0x00000000e3400000,0x00000000e3f80000)
  to   space 14848K, 0% used [0x00000000e2280000,0x00000000e2280000,0x00000000e3100000)
 ParOldGen       total 96256K, used 39706K [0x0000000080000000, 0x0000000085e00000, 0x00000000d5580000)
  object space 96256K, 41% used [0x0000000080000000,0x00000000826c68e8,0x0000000085e00000)
 Metaspace       used 56379K, capacity 58802K, committed 59028K, reserved 1099776K
  class space    used 7528K, capacity 8041K, committed 8124K, reserved 1048576K
}

